[0404/211300.075:WARNING:runtime_features.cc(728)] AttributionReportingCrossAppWeb cannot be enabled in this configuration. Use --enable-features=ConversionMeasurement,AttributionReportingCrossAppWeb in addition.
[0404/211300.171:WARNING:runtime_features.cc(728)] AttributionReportingCrossAppWeb cannot be enabled in this configuration. Use --enable-features=ConversionMeasurement,AttributionReportingCrossAppWeb in addition.
[0404/211300.637:INFO:CONSOLE(2)] "kernel isReady false", source: file:///C:/users/song/appdata/local/microsoft/visualstudio/17.0_11ce9441/extensions/uh4o55fb.mpi/WebView/Resources/autowork/chat.js (2)
[0404/211300.712:INFO:CONSOLE(2)] "Webview->Extension(persistentStorageEvent): [object Object]", source: file:///C:/users/song/appdata/local/microsoft/visualstudio/17.0_11ce9441/extensions/uh4o55fb.mpi/WebView/Resources/autowork/chat.js (2)
[0404/211300.712:INFO:CONSOLE(2)] "Webview->Extension(messagesFetchEvent): [object Object]", source: file:///C:/users/song/appdata/local/microsoft/visualstudio/17.0_11ce9441/extensions/uh4o55fb.mpi/WebView/Resources/autowork/chat.js (2)
[0404/211300.712:INFO:CONSOLE(2)] "Webview->Extension(colorThemeFetchEvent): [object Object]", source: file:///C:/users/song/appdata/local/microsoft/visualstudio/17.0_11ce9441/extensions/uh4o55fb.mpi/WebView/Resources/autowork/chat.js (2)
[0404/211300.712:INFO:CONSOLE(2)] "Webview->Extension(persistentStorageEvent): [object Object]", source: file:///C:/users/song/appdata/local/microsoft/visualstudio/17.0_11ce9441/extensions/uh4o55fb.mpi/WebView/Resources/autowork/chat.js (2)
[0404/211300.712:INFO:CONSOLE(2)] "Webview->Extension(webViewInitEvent): [object Object]", source: file:///C:/users/song/appdata/local/microsoft/visualstudio/17.0_11ce9441/extensions/uh4o55fb.mpi/WebView/Resources/autowork/chat.js (2)
[0404/211300.712:INFO:CONSOLE(2)] "Webview->Extension(licenseValidityFetchEvent2): [object Object]", source: file:///C:/users/song/appdata/local/microsoft/visualstudio/17.0_11ce9441/extensions/uh4o55fb.mpi/WebView/Resources/autowork/chat.js (2)
[0404/211300.712:INFO:CONSOLE(2)] "Webview->Extension(avatarFetchEvent): [object Object]", source: file:///C:/users/song/appdata/local/microsoft/visualstudio/17.0_11ce9441/extensions/uh4o55fb.mpi/WebView/Resources/autowork/chat.js (2)
[0404/211300.712:INFO:CONSOLE(2)] "Webview->Extension(loginStatusFetchEvent): [object Object]", source: file:///C:/users/song/appdata/local/microsoft/visualstudio/17.0_11ce9441/extensions/uh4o55fb.mpi/WebView/Resources/autowork/chat.js (2)
[0404/211300.712:INFO:CONSOLE(2)] "Webview->Extension(languageFetchEvent): [object Object]", source: file:///C:/users/song/appdata/local/microsoft/visualstudio/17.0_11ce9441/extensions/uh4o55fb.mpi/WebView/Resources/autowork/chat.js (2)
[0404/211300.712:INFO:CONSOLE(2)] "Webview->Extension(agentSwitchStatusEvent): [object Object]", source: file:///C:/users/song/appdata/local/microsoft/visualstudio/17.0_11ce9441/extensions/uh4o55fb.mpi/WebView/Resources/autowork/chat.js (2)
[0404/211300.712:INFO:CONSOLE(2)] "Webview->Extension(persistentStorageEvent): [object Object]", source: file:///C:/users/song/appdata/local/microsoft/visualstudio/17.0_11ce9441/extensions/uh4o55fb.mpi/WebView/Resources/autowork/chat.js (2)
[0404/211300.712:INFO:CONSOLE(2)] "Webview->Extension(licenseFullDetailFetchEvent): [object Object]", source: file:///C:/users/song/appdata/local/microsoft/visualstudio/17.0_11ce9441/extensions/uh4o55fb.mpi/WebView/Resources/autowork/chat.js (2)
[0404/211300.712:INFO:CONSOLE(2)] "Webview->Extension(PassthroughRequest): [object Object]", source: file:///C:/users/song/appdata/local/microsoft/visualstudio/17.0_11ce9441/extensions/uh4o55fb.mpi/WebView/Resources/autowork/chat.js (2)
[0404/211300.712:INFO:CONSOLE(2)] "Webview->Extension(usernameFetchEvent): [object Object]", source: file:///C:/users/song/appdata/local/microsoft/visualstudio/17.0_11ce9441/extensions/uh4o55fb.mpi/WebView/Resources/autowork/chat.js (2)
[0404/211300.712:INFO:CONSOLE(2)] "Webview->Extension(editorChangedEvent): [object Object]", source: file:///C:/users/song/appdata/local/microsoft/visualstudio/17.0_11ce9441/extensions/uh4o55fb.mpi/WebView/Resources/autowork/chat.js (2)
[0404/211300.713:INFO:CONSOLE(2)] "Webview->Extension(PassthroughRequest): [object Object]", source: file:///C:/users/song/appdata/local/microsoft/visualstudio/17.0_11ce9441/extensions/uh4o55fb.mpi/WebView/Resources/autowork/chat.js (2)
[0404/211300.714:INFO:CONSOLE(2)] "Webview->Extension(webview_passthroughMessage_toIde): [object Object]", source: file:///C:/users/song/appdata/local/microsoft/visualstudio/17.0_11ce9441/extensions/uh4o55fb.mpi/WebView/Resources/autowork/chat.js (2)
[0404/211300.714:INFO:CONSOLE(2)] "kernel isReady false", source: file:///C:/users/song/appdata/local/microsoft/visualstudio/17.0_11ce9441/extensions/uh4o55fb.mpi/WebView/Resources/autowork/chat.js (2)
[0404/211300.874:INFO:CONSOLE(2)] "Extension->Webview(persistentStorageEvent-reply): {"action":"read","scope":"global","key":"ReadComposerTrial","value":null}", source: file:///C:/users/song/appdata/local/microsoft/visualstudio/17.0_11ce9441/extensions/uh4o55fb.mpi/WebView/Resources/autowork/chat.js (2)
[0404/211300.882:INFO:CONSOLE(2)] "Extension->Webview(persistentStorageEvent-reply): {"action":"read","scope":"global","key":"ComateBannerVersion","value":null}", source: file:///C:/users/song/appdata/local/microsoft/visualstudio/17.0_11ce9441/extensions/uh4o55fb.mpi/WebView/Resources/autowork/chat.js (2)
[0404/211300.882:INFO:CONSOLE(2)] "Webview->Extension(PassthroughRequest): [object Object]", source: file:///C:/users/song/appdata/local/microsoft/visualstudio/17.0_11ce9441/extensions/uh4o55fb.mpi/WebView/Resources/autowork/chat.js (2)
[0404/211300.883:INFO:CONSOLE(2)] "Extension->Webview(loginStatusFetchEvent-reply): false", source: file:///C:/users/song/appdata/local/microsoft/visualstudio/17.0_11ce9441/extensions/uh4o55fb.mpi/WebView/Resources/autowork/chat.js (2)
[0404/211300.887:INFO:CONSOLE(2)] "Extension->Webview(persistentStorageEvent-reply): {"action":"read","scope":"global","key":"ComateActiveTabKey","value":null}", source: file:///C:/users/song/appdata/local/microsoft/visualstudio/17.0_11ce9441/extensions/uh4o55fb.mpi/WebView/Resources/autowork/chat.js (2)
[0404/211300.887:INFO:CONSOLE(2)] "Extension->Webview(licenseFullDetailFetchEvent-reply): {"vpcConfig":{"status":false,"endpoint":"","intranetDomain":"","intranetSubnets":[],"intranetErrorMsg":""},"features":{"enableUploadKnowledgeFromIDE":false,"customFeedbackURL":""},"key":"","typeId":2,"type":"标准版","typeCode":"TRIAL_INDIVIDUAL","customizedUrl":"","customized":false,"endpoint":""}", source: file:///C:/users/song/appdata/local/microsoft/visualstudio/17.0_11ce9441/extensions/uh4o55fb.mpi/WebView/Resources/autowork/chat.js (2)
[0404/211300.888:INFO:CONSOLE(2)] "Extension->Webview(usernameFetchEvent-reply): {"username":"git","chineseName":"git","configUsername":"git"}", source: file:///C:/users/song/appdata/local/microsoft/visualstudio/17.0_11ce9441/extensions/uh4o55fb.mpi/WebView/Resources/autowork/chat.js (2)
[0404/211300.888:INFO:CONSOLE(2)] "usernamefetch git", source: file:///C:/users/song/appdata/local/microsoft/visualstudio/17.0_11ce9441/extensions/uh4o55fb.mpi/WebView/Resources/autowork/chat.js (2)
[0404/211300.888:INFO:CONSOLE(2)] "Extension->Webview(colorThemeChangeEvent): [object Object]", source: file:///C:/users/song/appdata/local/microsoft/visualstudio/17.0_11ce9441/extensions/uh4o55fb.mpi/WebView/Resources/autowork/chat.js (2)
[0404/211300.889:INFO:CONSOLE(2)] "Extension->Webview(licenseFullDetailChangeEvent): [object Object]", source: file:///C:/users/song/appdata/local/microsoft/visualstudio/17.0_11ce9441/extensions/uh4o55fb.mpi/WebView/Resources/autowork/chat.js (2)
[0404/211301.079:INFO:CONSOLE(2)] "Extension->Webview(PassthroughRequest-reply): {"data":{"endpoint":"https://comate.baidu.com/api","serverHost":"https://comate.baidu.com","system":{"enableUserGuide":true,"enableAgent":true,"enableFeedback":true,"enableJoiningInfoFlowGroup":false,"env":"saas"},"completion":{"enableCache":true},"autowork":{"endpoint":"https://comate.baidu.com/api/aidevops/autocomate","enableIntentRecognition":true,"enableZulu":true,"enableAutoApplyFunction":true,"enableInlineChat":true},"comateplus":{"enabled":true,"endpoint":"https://comate.baidu.com/api/v2"},"log":{"logUploadUrl":"https://comate.baidu.com/logger/comate.log","performanceUploadUrl":"https://comate.baidu.com/logger/performance.log"},"ut":{"enableBatchGenerate":false,"endpoint":"https://comate.baidu.com","generateUri":"/api/plugin/ut/key/gen?key=%s&env=online","acceptUri":"/api/plugin/ut/key/accept?key=%s&env=online","completionUri":"/api/plugin/ut/key/complete?key=%s&env=online","batchUploadUri":"/api/iutupgrade/callback"},"webSocket":{"endpoint":"ws://comate.baidu.com/api/aidevops/autocomate"},"iapi":{"enableInterfaceGeneration":false,"interfaceEndpoint":"127.0.0.1","trackEndpoint":"https://comate.baidu.com/api","searchEndpoint":"https://comate.baidu.com/api"},"dao":{"enableGenDao":false,"enableGenSql":false,"endpoint":"127.0.0.1"},"license":{"endpoint":"https://comate.baidu.com","bceEndpoint":"https://console.bce.baidu.com/comate"},"notification":{"enableAINative":false,"enableBaiduUsingSaas":true,"enablePocUsingSaas":false},"embedding":{"enableSearchFromInternet":true,"indexVersionCheckUrl":"https://comate.baidu.com/api/autowork/index/remote-server-version","multiEmbeddingSearchUrl":"127.0.0.1","embeddingSearchUrl":"https://comate.baidu.com/api/autowork/retrieval/embeddingsearch","knowledgeWorkspacesUrl":"https://comate.baidu.com/api/v2/api/aidevops/knowledge/rest/v1/workspaces","embeddingIndexProgressUrl":"https://comate.baidu.com/api/autowork/index/v2/remote-index-info","autoworkConfigUrl":"https://comate.baidu.com/api/autowork/index/remote-index-config","dependencyConfigUrl":"https://comate.baidu.com/api/autowork/retrieval/v2/dependency/config","dependencyParseUrl":"https://comate.baidu.com/api/autowork/index/v2/dependency/info","multiEmbeddingSearchUrlForLineCommentSearchUrl":"https://comate.baidu.com/api/autowork/retrieval/multiembeddingsearch"},"codeGraph":{"enabled":false,"endpoint":"127.0.0.1"},"security":{"enabled":true},"icafe":{"enabled":false,"endpoint":"127.0.0.1","rankEndpoint":"127.0.0.1"}},"status":200,"headers":null}", source: file:///C:/users/song/appdata/local/microsoft/visualstudio/17.0_11ce9441/extensions/uh4o55fb.mpi/WebView/Resources/autowork/chat.js (2)
[0404/211301.158:INFO:CONSOLE(2)] "Extension->Webview(editorChangedEvent-reply): {"fromCommand":false,"activeEditor":{"relativePath":"Assets/Fantastic City Generator/Editor/FCityGenerator.cs","name":"FCityGenerator.cs","selection":null}}", source: file:///C:/users/song/appdata/local/microsoft/visualstudio/17.0_11ce9441/extensions/uh4o55fb.mpi/WebView/Resources/autowork/chat.js (2)
[0404/211301.270:INFO:CONSOLE(2)] "Extension->Webview(PassthroughRequest-reply): {"data":{"data":null,"code":401,"message":"license为空，请在comate插件设置中配置license"},"status":200,"headers":null}", source: file:///C:/users/song/appdata/local/microsoft/visualstudio/17.0_11ce9441/extensions/uh4o55fb.mpi/WebView/Resources/autowork/chat.js (2)
[0404/211301.282:INFO:CONSOLE(2)] "Extension->Webview(PassthroughRequest-reply): {"data":{"data":{"bannerUrl":"https://now.bdstatic.com/stash/v1/dc8c989/frontend/92932cd/images/comate3question.png","bannerText":"邀你[测评](https://comate.baidu.com/zh/activityZulu?track=ide)拿大奖｜文心快码智能新物种Zulu来了!","bannerShowSwitch":false,"lotteryKey":"https://iwenjuan.baidu.com/?code=wlzowd","version":"4"},"code":0,"message":"操作成功！"},"status":200,"headers":null}", source: file:///C:/users/song/appdata/local/microsoft/visualstudio/17.0_11ce9441/extensions/uh4o55fb.mpi/WebView/Resources/autowork/chat.js (2)
[0404/211301.283:INFO:CONSOLE(2)] "Webview->Extension(inputHistoryFetchEvent): [object Object]", source: file:///C:/users/song/appdata/local/microsoft/visualstudio/17.0_11ce9441/extensions/uh4o55fb.mpi/WebView/Resources/autowork/chat.js (2)
[0404/211302.731:INFO:CONSOLE(2)] "Extension->Webview(ide_passthroughMessage_toWebview): [object Object]", source: file:///C:/users/song/appdata/local/microsoft/visualstudio/17.0_11ce9441/extensions/uh4o55fb.mpi/WebView/Resources/autowork/chat.js (2)
[0404/211302.731:INFO:CONSOLE(2)] "收到了kernel初始化", source: file:///C:/users/song/appdata/local/microsoft/visualstudio/17.0_11ce9441/extensions/uh4o55fb.mpi/WebView/Resources/autowork/chat.js (2)
[0404/211302.731:INFO:CONSOLE(2)] "kernel isReady true", source: file:///C:/users/song/appdata/local/microsoft/visualstudio/17.0_11ce9441/extensions/uh4o55fb.mpi/WebView/Resources/autowork/chat.js (2)
[0404/211302.732:INFO:CONSOLE(2)] "Webview->Extension(webview_passthroughMessage_toIde): [object Object]", source: file:///C:/users/song/appdata/local/microsoft/visualstudio/17.0_11ce9441/extensions/uh4o55fb.mpi/WebView/Resources/autowork/chat.js (2)
[0404/211326.721:INFO:CONSOLE(2)] "Webview->Extension(loginTriggerEvent): [object Object]", source: file:///C:/users/song/appdata/local/microsoft/visualstudio/17.0_11ce9441/extensions/uh4o55fb.mpi/WebView/Resources/autowork/chat.js (2)
[0404/211330.721:INFO:CONSOLE(2)] "webview init send error Error: Request timeout", source: file:///C:/users/song/appdata/local/microsoft/visualstudio/17.0_11ce9441/extensions/uh4o55fb.mpi/WebView/Resources/autowork/chat.js (2)
[0404/211334.242:INFO:CONSOLE(2)] "Extension->Webview(usernameChangeEvent): [object Object]", source: file:///C:/users/song/appdata/local/microsoft/visualstudio/17.0_11ce9441/extensions/uh4o55fb.mpi/WebView/Resources/autowork/chat.js (2)
[0404/211334.242:INFO:CONSOLE(2)] "usernamechange Crazylvy", source: file:///C:/users/song/appdata/local/microsoft/visualstudio/17.0_11ce9441/extensions/uh4o55fb.mpi/WebView/Resources/autowork/chat.js (2)
[0404/211334.243:INFO:CONSOLE(2)] "Extension->Webview(loginStatusChangeEvent): [object Object]", source: file:///C:/users/song/appdata/local/microsoft/visualstudio/17.0_11ce9441/extensions/uh4o55fb.mpi/WebView/Resources/autowork/chat.js (2)
[0404/211334.278:INFO:CONSOLE(2)] "Webview->Extension(PassthroughRequest): [object Object]", source: file:///C:/users/song/appdata/local/microsoft/visualstudio/17.0_11ce9441/extensions/uh4o55fb.mpi/WebView/Resources/autowork/chat.js (2)
[0404/211334.280:INFO:CONSOLE(2)] "Webview->Extension(workspaceStatusEvent): [object Object]", source: file:///C:/users/song/appdata/local/microsoft/visualstudio/17.0_11ce9441/extensions/uh4o55fb.mpi/WebView/Resources/autowork/chat.js (2)
[0404/211334.286:INFO:CONSOLE(2)] "Extension->Webview(workspaceStatusEvent-reply): {"fileOpened":true,"workspaceOpened":true}", source: file:///C:/users/song/appdata/local/microsoft/visualstudio/17.0_11ce9441/extensions/uh4o55fb.mpi/WebView/Resources/autowork/chat.js (2)
[0404/211334.288:INFO:CONSOLE(2)] "Extension->Webview(licenseFullDetailChangeEvent): [object Object]", source: file:///C:/users/song/appdata/local/microsoft/visualstudio/17.0_11ce9441/extensions/uh4o55fb.mpi/WebView/Resources/autowork/chat.js (2)
[0404/211334.289:INFO:CONSOLE(2)] "Webview->Extension(PassthroughRequest): [object Object]", source: file:///C:/users/song/appdata/local/microsoft/visualstudio/17.0_11ce9441/extensions/uh4o55fb.mpi/WebView/Resources/autowork/chat.js (2)
[0404/211334.290:INFO:CONSOLE(2)] "Extension->Webview(pluginConfigurationChangeEvent): [object Object]", source: file:///C:/users/song/appdata/local/microsoft/visualstudio/17.0_11ce9441/extensions/uh4o55fb.mpi/WebView/Resources/autowork/chat.js (2)
[0404/211334.290:INFO:CONSOLE(2)] "Extension->Webview(licenseValidityChangeEvent2): [object Object]", source: file:///C:/users/song/appdata/local/microsoft/visualstudio/17.0_11ce9441/extensions/uh4o55fb.mpi/WebView/Resources/autowork/chat.js (2)
[0404/211334.290:INFO:CONSOLE(2)] "Webview->Extension(PassthroughRequest): [object Object]", source: file:///C:/users/song/appdata/local/microsoft/visualstudio/17.0_11ce9441/extensions/uh4o55fb.mpi/WebView/Resources/autowork/chat.js (2)
[0404/211334.291:INFO:CONSOLE(2)] "Extension->Webview(licenseValidityChangeEvent): [object Object]", source: file:///C:/users/song/appdata/local/microsoft/visualstudio/17.0_11ce9441/extensions/uh4o55fb.mpi/WebView/Resources/autowork/chat.js (2)
[0404/211334.404:INFO:CONSOLE(2)] "Extension->Webview(PassthroughRequest-reply): {"data":{"data":[{"type":"zulu","title":"可以试着问我：","questions":[{"id":1,"content":"生成一个和AI对战的贪吃蛇小游戏","prompt":"开发一个特殊的贪吃蛇游戏，里面有一条聪明的ai 贪吃蛇和玩家控制的蛇抢食物，附加规则：\n1. 墙可以穿透到另一边。\n2. 任何一方的蛇不能碰到自己，碰到自己的一方输。\n3. 玩家的蛇不能碰到ai 贪吃蛇，碰到就输。","schema":"","scene":"demo","displayNew":false},{"id":2,"content":"复现一个功能完整的百度首页","prompt":"复现一个精美的内容丰富的百度首页，除了基本元素外，还包含百度热搜，语音搜索，简单的图片搜索等功能","schema":"","scene":"demo","displayNew":false},{"id":3,"content":"开发一个带声效的马里奥计算器","prompt":"写一个马里奥计算器，布局合理，画面精美，带声效","schema":"","scene":"demo","displayNew":false},{"id":4,"content":"介绍当前项目","prompt":"介绍项目的业务目标、核心功能、整体架构、数据实体、业务流程","schema":"","scene":"query","displayNew":false},{"id":5,"content":"启动开发环境","prompt":"启动开发环境","schema":"","scene":"query","displayNew":false},{"id":6,"content":"了解更多项目内容","prompt":"要了解这个项目还可以问哪些问题？","schema":"","scene":"query","displayNew":false}]}],"code":200,"message":null},"status":200,"headers":null}", source: file:///C:/users/song/appdata/local/microsoft/visualstudio/17.0_11ce9441/extensions/uh4o55fb.mpi/WebView/Resources/autowork/chat.js (2)
[0404/211334.411:INFO:CONSOLE(2)] "Extension->Webview(PassthroughRequest-reply): {"data":{"data":[{"type":"zulu","title":"可以试着问我：","questions":[{"id":1,"content":"生成一个和AI对战的贪吃蛇小游戏","prompt":"开发一个特殊的贪吃蛇游戏，里面有一条聪明的ai 贪吃蛇和玩家控制的蛇抢食物，附加规则：\n1. 墙可以穿透到另一边。\n2. 任何一方的蛇不能碰到自己，碰到自己的一方输。\n3. 玩家的蛇不能碰到ai 贪吃蛇，碰到就输。","schema":"","scene":"demo","displayNew":false},{"id":2,"content":"复现一个功能完整的百度首页","prompt":"复现一个精美的内容丰富的百度首页，除了基本元素外，还包含百度热搜，语音搜索，简单的图片搜索等功能","schema":"","scene":"demo","displayNew":false},{"id":3,"content":"开发一个带声效的马里奥计算器","prompt":"写一个马里奥计算器，布局合理，画面精美，带声效","schema":"","scene":"demo","displayNew":false},{"id":4,"content":"介绍当前项目","prompt":"介绍项目的业务目标、核心功能、整体架构、数据实体、业务流程","schema":"","scene":"query","displayNew":false},{"id":5,"content":"启动开发环境","prompt":"启动开发环境","schema":"","scene":"query","displayNew":false},{"id":6,"content":"了解更多项目内容","prompt":"要了解这个项目还可以问哪些问题？","schema":"","scene":"query","displayNew":false}]}],"code":200,"message":null},"status":200,"headers":null}", source: file:///C:/users/song/appdata/local/microsoft/visualstudio/17.0_11ce9441/extensions/uh4o55fb.mpi/WebView/Resources/autowork/chat.js (2)
[0404/211334.411:INFO:CONSOLE(2)] "Extension->Webview(PassthroughRequest-reply): {"data":{"data":[{"type":"zulu","title":"可以试着问我：","questions":[{"id":1,"content":"生成一个和AI对战的贪吃蛇小游戏","prompt":"开发一个特殊的贪吃蛇游戏，里面有一条聪明的ai 贪吃蛇和玩家控制的蛇抢食物，附加规则：\n1. 墙可以穿透到另一边。\n2. 任何一方的蛇不能碰到自己，碰到自己的一方输。\n3. 玩家的蛇不能碰到ai 贪吃蛇，碰到就输。","schema":"","scene":"demo","displayNew":false},{"id":2,"content":"复现一个功能完整的百度首页","prompt":"复现一个精美的内容丰富的百度首页，除了基本元素外，还包含百度热搜，语音搜索，简单的图片搜索等功能","schema":"","scene":"demo","displayNew":false},{"id":3,"content":"开发一个带声效的马里奥计算器","prompt":"写一个马里奥计算器，布局合理，画面精美，带声效","schema":"","scene":"demo","displayNew":false},{"id":4,"content":"介绍当前项目","prompt":"介绍项目的业务目标、核心功能、整体架构、数据实体、业务流程","schema":"","scene":"query","displayNew":false},{"id":5,"content":"启动开发环境","prompt":"启动开发环境","schema":"","scene":"query","displayNew":false},{"id":6,"content":"了解更多项目内容","prompt":"要了解这个项目还可以问哪些问题？","schema":"","scene":"query","displayNew":false}]}],"code":200,"message":null},"status":200,"headers":null}", source: file:///C:/users/song/appdata/local/microsoft/visualstudio/17.0_11ce9441/extensions/uh4o55fb.mpi/WebView/Resources/autowork/chat.js (2)
[0404/211335.794:INFO:CONSOLE(2)] "Extension->Webview(ide_passthroughMessage_toWebview): [object Object]", source: file:///C:/users/song/appdata/local/microsoft/visualstudio/17.0_11ce9441/extensions/uh4o55fb.mpi/WebView/Resources/autowork/chat.js (2)
[0404/211335.795:INFO:CONSOLE(2)] "收到了kernel初始化", source: file:///C:/users/song/appdata/local/microsoft/visualstudio/17.0_11ce9441/extensions/uh4o55fb.mpi/WebView/Resources/autowork/chat.js (2)
[0404/211335.795:INFO:CONSOLE(2)] "Webview->Extension(webview_passthroughMessage_toIde): [object Object]", source: file:///C:/users/song/appdata/local/microsoft/visualstudio/17.0_11ce9441/extensions/uh4o55fb.mpi/WebView/Resources/autowork/chat.js (2)
[0404/211338.587:INFO:CONSOLE(2)] "Webview->Extension(agentConversationAddEvent): [object Object]", source: file:///C:/users/song/appdata/local/microsoft/visualstudio/17.0_11ce9441/extensions/uh4o55fb.mpi/WebView/Resources/autowork/chat.js (2)
[0404/211338.600:INFO:CONSOLE(2)] "Extension->Webview(agentConversationMessageUpdateEvent): [object Object]", source: file:///C:/users/song/appdata/local/microsoft/visualstudio/17.0_11ce9441/extensions/uh4o55fb.mpi/WebView/Resources/autowork/chat.js (2)
[0404/211338.601:INFO:CONSOLE(2)] "Extension->Webview(agentConversationAddEvent-reply): {"id":"e6857eb2-6a50-48d5-a452-6282483ab078","status":"Ready","type":"E2EBotConversation","query":null}", source: file:///C:/users/song/appdata/local/microsoft/visualstudio/17.0_11ce9441/extensions/uh4o55fb.mpi/WebView/Resources/autowork/chat.js (2)
[0404/211338.602:INFO:CONSOLE(2)] "Webview->Extension(persistentStorageEvent): [object Object]", source: file:///C:/users/song/appdata/local/microsoft/visualstudio/17.0_11ce9441/extensions/uh4o55fb.mpi/WebView/Resources/autowork/chat.js (2)
[0404/211338.602:INFO:CONSOLE(2)] "Webview->Extension(agentConversationNewMessageEvent): [object Object]", source: file:///C:/users/song/appdata/local/microsoft/visualstudio/17.0_11ce9441/extensions/uh4o55fb.mpi/WebView/Resources/autowork/chat.js (2)
[0404/211338.621:INFO:CONSOLE(2)] "Extension->Webview(agentConversationMessageUpdateEvent): [object Object]", source: file:///C:/users/song/appdata/local/microsoft/visualstudio/17.0_11ce9441/extensions/uh4o55fb.mpi/WebView/Resources/autowork/chat.js (2)
[0404/211338.621:INFO:CONSOLE(2)] "Extension->Webview(agentConversationMessageUpdateEvent): [object Object]", source: file:///C:/users/song/appdata/local/microsoft/visualstudio/17.0_11ce9441/extensions/uh4o55fb.mpi/WebView/Resources/autowork/chat.js (2)
[0404/211338.624:INFO:CONSOLE(2)] "Webview->Extension(workspaceStatusEvent): [object Object]", source: file:///C:/users/song/appdata/local/microsoft/visualstudio/17.0_11ce9441/extensions/uh4o55fb.mpi/WebView/Resources/autowork/chat.js (2)
[0404/211338.625:INFO:CONSOLE(2)] "Webview->Extension(agentConversationSetForegroundEvent): [object Object]", source: file:///C:/users/song/appdata/local/microsoft/visualstudio/17.0_11ce9441/extensions/uh4o55fb.mpi/WebView/Resources/autowork/chat.js (2)
[0404/211338.625:INFO:CONSOLE(2)] "Extension->Webview(workspaceStatusEvent-reply): {"fileOpened":true,"workspaceOpened":true}", source: file:///C:/users/song/appdata/local/microsoft/visualstudio/17.0_11ce9441/extensions/uh4o55fb.mpi/WebView/Resources/autowork/chat.js (2)
[0404/211338.630:INFO:CONSOLE(2)] "Extension->Webview(agentConversationMessageUpdateEvent): [object Object]", source: file:///C:/users/song/appdata/local/microsoft/visualstudio/17.0_11ce9441/extensions/uh4o55fb.mpi/WebView/Resources/autowork/chat.js (2)
[0404/211338.660:INFO:CONSOLE(2)] "Webview->Extension(workspaceStatusEvent): [object Object]", source: file:///C:/users/song/appdata/local/microsoft/visualstudio/17.0_11ce9441/extensions/uh4o55fb.mpi/WebView/Resources/autowork/chat.js (2)
[0404/211338.660:INFO:CONSOLE(2)] "Webview->Extension(workspaceStatusEvent): [object Object]", source: file:///C:/users/song/appdata/local/microsoft/visualstudio/17.0_11ce9441/extensions/uh4o55fb.mpi/WebView/Resources/autowork/chat.js (2)
[0404/211338.662:INFO:CONSOLE(2)] "Extension->Webview(agentConversationMessageUpdateEvent): [object Object]", source: file:///C:/users/song/appdata/local/microsoft/visualstudio/17.0_11ce9441/extensions/uh4o55fb.mpi/WebView/Resources/autowork/chat.js (2)
[0404/211338.663:INFO:CONSOLE(2)] "Extension->Webview(workspaceStatusEvent-reply): {"fileOpened":true,"workspaceOpened":true}", source: file:///C:/users/song/appdata/local/microsoft/visualstudio/17.0_11ce9441/extensions/uh4o55fb.mpi/WebView/Resources/autowork/chat.js (2)
[0404/211338.665:INFO:CONSOLE(2)] "Webview->Extension(workspaceStatusEvent): [object Object]", source: file:///C:/users/song/appdata/local/microsoft/visualstudio/17.0_11ce9441/extensions/uh4o55fb.mpi/WebView/Resources/autowork/chat.js (2)
[0404/211338.667:INFO:CONSOLE(2)] "Extension->Webview(workspaceStatusEvent-reply): {"fileOpened":true,"workspaceOpened":true}", source: file:///C:/users/song/appdata/local/microsoft/visualstudio/17.0_11ce9441/extensions/uh4o55fb.mpi/WebView/Resources/autowork/chat.js (2)
[0404/211338.668:INFO:CONSOLE(2)] "Extension->Webview(workspaceStatusEvent-reply): {"fileOpened":true,"workspaceOpened":true}", source: file:///C:/users/song/appdata/local/microsoft/visualstudio/17.0_11ce9441/extensions/uh4o55fb.mpi/WebView/Resources/autowork/chat.js (2)
[0404/211342.993:INFO:CONSOLE(2)] "Extension->Webview(agentConversationMessageUpdateEvent): [object Object]", source: file:///C:/users/song/appdata/local/microsoft/visualstudio/17.0_11ce9441/extensions/uh4o55fb.mpi/WebView/Resources/autowork/chat.js (2)
[0404/211343.506:INFO:CONSOLE(2)] "Extension->Webview(agentConversationMessageUpdateEvent): [object Object]", source: file:///C:/users/song/appdata/local/microsoft/visualstudio/17.0_11ce9441/extensions/uh4o55fb.mpi/WebView/Resources/autowork/chat.js (2)
[0404/211344.079:INFO:CONSOLE(2)] "Extension->Webview(agentConversationMessageUpdateEvent): [object Object]", source: file:///C:/users/song/appdata/local/microsoft/visualstudio/17.0_11ce9441/extensions/uh4o55fb.mpi/WebView/Resources/autowork/chat.js (2)
[0404/211344.604:INFO:CONSOLE(2)] "Extension->Webview(agentConversationMessageUpdateEvent): [object Object]", source: file:///C:/users/song/appdata/local/microsoft/visualstudio/17.0_11ce9441/extensions/uh4o55fb.mpi/WebView/Resources/autowork/chat.js (2)
[0404/211345.398:INFO:CONSOLE(2)] "Extension->Webview(agentConversationMessageUpdateEvent): [object Object]", source: file:///C:/users/song/appdata/local/microsoft/visualstudio/17.0_11ce9441/extensions/uh4o55fb.mpi/WebView/Resources/autowork/chat.js (2)
[0404/211346.072:INFO:CONSOLE(2)] "Extension->Webview(agentConversationMessageUpdateEvent): [object Object]", source: file:///C:/users/song/appdata/local/microsoft/visualstudio/17.0_11ce9441/extensions/uh4o55fb.mpi/WebView/Resources/autowork/chat.js (2)
[0404/211346.588:INFO:CONSOLE(2)] "Extension->Webview(agentConversationMessageUpdateEvent): [object Object]", source: file:///C:/users/song/appdata/local/microsoft/visualstudio/17.0_11ce9441/extensions/uh4o55fb.mpi/WebView/Resources/autowork/chat.js (2)
[0404/211346.830:INFO:CONSOLE(2)] "Extension->Webview(agentConversationMessageUpdateEvent): [object Object]", source: file:///C:/users/song/appdata/local/microsoft/visualstudio/17.0_11ce9441/extensions/uh4o55fb.mpi/WebView/Resources/autowork/chat.js (2)
[0404/211346.836:INFO:CONSOLE(2)] "Extension->Webview(agentConversationMessageUpdateEvent): [object Object]", source: file:///C:/users/song/appdata/local/microsoft/visualstudio/17.0_11ce9441/extensions/uh4o55fb.mpi/WebView/Resources/autowork/chat.js (2)
[0404/211346.838:INFO:CONSOLE(2)] "Extension->Webview(agentConversationMessageUpdateEvent): [object Object]", source: file:///C:/users/song/appdata/local/microsoft/visualstudio/17.0_11ce9441/extensions/uh4o55fb.mpi/WebView/Resources/autowork/chat.js (2)
[0404/211350.135:INFO:CONSOLE(2)] "Extension->Webview(agentConversationMessageUpdateEvent): [object Object]", source: file:///C:/users/song/appdata/local/microsoft/visualstudio/17.0_11ce9441/extensions/uh4o55fb.mpi/WebView/Resources/autowork/chat.js (2)
[0404/211350.736:INFO:CONSOLE(2)] "Extension->Webview(agentConversationMessageUpdateEvent): [object Object]", source: file:///C:/users/song/appdata/local/microsoft/visualstudio/17.0_11ce9441/extensions/uh4o55fb.mpi/WebView/Resources/autowork/chat.js (2)
[0404/211352.141:INFO:CONSOLE(2)] "Extension->Webview(agentConversationMessageUpdateEvent): [object Object]", source: file:///C:/users/song/appdata/local/microsoft/visualstudio/17.0_11ce9441/extensions/uh4o55fb.mpi/WebView/Resources/autowork/chat.js (2)
[0404/211352.603:INFO:CONSOLE(2)] "Extension->Webview(agentConversationMessageUpdateEvent): [object Object]", source: file:///C:/users/song/appdata/local/microsoft/visualstudio/17.0_11ce9441/extensions/uh4o55fb.mpi/WebView/Resources/autowork/chat.js (2)
[0404/211352.609:INFO:CONSOLE(2)] "Extension->Webview(agentConversationMessageUpdateEvent): [object Object]", source: file:///C:/users/song/appdata/local/microsoft/visualstudio/17.0_11ce9441/extensions/uh4o55fb.mpi/WebView/Resources/autowork/chat.js (2)
[0404/211352.613:INFO:CONSOLE(2)] "Extension->Webview(agentConversationMessageUpdateEvent): [object Object]", source: file:///C:/users/song/appdata/local/microsoft/visualstudio/17.0_11ce9441/extensions/uh4o55fb.mpi/WebView/Resources/autowork/chat.js (2)
[0404/211356.906:INFO:CONSOLE(2)] "Extension->Webview(agentConversationMessageUpdateEvent): [object Object]", source: file:///C:/users/song/appdata/local/microsoft/visualstudio/17.0_11ce9441/extensions/uh4o55fb.mpi/WebView/Resources/autowork/chat.js (2)
[0404/211357.414:INFO:CONSOLE(2)] "Extension->Webview(agentConversationMessageUpdateEvent): [object Object]", source: file:///C:/users/song/appdata/local/microsoft/visualstudio/17.0_11ce9441/extensions/uh4o55fb.mpi/WebView/Resources/autowork/chat.js (2)
[0404/211358.298:INFO:CONSOLE(2)] "Extension->Webview(agentConversationMessageUpdateEvent): [object Object]", source: file:///C:/users/song/appdata/local/microsoft/visualstudio/17.0_11ce9441/extensions/uh4o55fb.mpi/WebView/Resources/autowork/chat.js (2)
[0404/211358.303:INFO:CONSOLE(2)] "Extension->Webview(agentConversationMessageUpdateEvent): [object Object]", source: file:///C:/users/song/appdata/local/microsoft/visualstudio/17.0_11ce9441/extensions/uh4o55fb.mpi/WebView/Resources/autowork/chat.js (2)
[0404/211358.305:INFO:CONSOLE(2)] "Extension->Webview(agentConversationMessageUpdateEvent): [object Object]", source: file:///C:/users/song/appdata/local/microsoft/visualstudio/17.0_11ce9441/extensions/uh4o55fb.mpi/WebView/Resources/autowork/chat.js (2)
[0404/211403.447:INFO:CONSOLE(2)] "Extension->Webview(agentConversationMessageUpdateEvent): [object Object]", source: file:///C:/users/song/appdata/local/microsoft/visualstudio/17.0_11ce9441/extensions/uh4o55fb.mpi/WebView/Resources/autowork/chat.js (2)
[0404/211404.404:INFO:CONSOLE(2)] "Extension->Webview(agentConversationMessageUpdateEvent): [object Object]", source: file:///C:/users/song/appdata/local/microsoft/visualstudio/17.0_11ce9441/extensions/uh4o55fb.mpi/WebView/Resources/autowork/chat.js (2)
[0404/211405.018:INFO:CONSOLE(2)] "Extension->Webview(agentConversationMessageUpdateEvent): [object Object]", source: file:///C:/users/song/appdata/local/microsoft/visualstudio/17.0_11ce9441/extensions/uh4o55fb.mpi/WebView/Resources/autowork/chat.js (2)
[0404/211405.544:INFO:CONSOLE(2)] "Extension->Webview(agentConversationMessageUpdateEvent): [object Object]", source: file:///C:/users/song/appdata/local/microsoft/visualstudio/17.0_11ce9441/extensions/uh4o55fb.mpi/WebView/Resources/autowork/chat.js (2)
[0404/211406.116:INFO:CONSOLE(2)] "Extension->Webview(agentConversationMessageUpdateEvent): [object Object]", source: file:///C:/users/song/appdata/local/microsoft/visualstudio/17.0_11ce9441/extensions/uh4o55fb.mpi/WebView/Resources/autowork/chat.js (2)
[0404/211406.638:INFO:CONSOLE(2)] "Extension->Webview(agentConversationMessageUpdateEvent): [object Object]", source: file:///C:/users/song/appdata/local/microsoft/visualstudio/17.0_11ce9441/extensions/uh4o55fb.mpi/WebView/Resources/autowork/chat.js (2)
[0404/211407.386:INFO:CONSOLE(2)] "Extension->Webview(agentConversationMessageUpdateEvent): [object Object]", source: file:///C:/users/song/appdata/local/microsoft/visualstudio/17.0_11ce9441/extensions/uh4o55fb.mpi/WebView/Resources/autowork/chat.js (2)
[0404/211407.913:INFO:CONSOLE(2)] "Extension->Webview(agentConversationMessageUpdateEvent): [object Object]", source: file:///C:/users/song/appdata/local/microsoft/visualstudio/17.0_11ce9441/extensions/uh4o55fb.mpi/WebView/Resources/autowork/chat.js (2)
[0404/211408.472:INFO:CONSOLE(2)] "Extension->Webview(agentConversationMessageUpdateEvent): [object Object]", source: file:///C:/users/song/appdata/local/microsoft/visualstudio/17.0_11ce9441/extensions/uh4o55fb.mpi/WebView/Resources/autowork/chat.js (2)
[0404/211409.443:INFO:CONSOLE(2)] "Extension->Webview(agentConversationMessageUpdateEvent): [object Object]", source: file:///C:/users/song/appdata/local/microsoft/visualstudio/17.0_11ce9441/extensions/uh4o55fb.mpi/WebView/Resources/autowork/chat.js (2)
[0404/211409.989:INFO:CONSOLE(2)] "Extension->Webview(agentConversationMessageUpdateEvent): [object Object]", source: file:///C:/users/song/appdata/local/microsoft/visualstudio/17.0_11ce9441/extensions/uh4o55fb.mpi/WebView/Resources/autowork/chat.js (2)
[0404/211410.541:INFO:CONSOLE(2)] "Extension->Webview(agentConversationMessageUpdateEvent): [object Object]", source: file:///C:/users/song/appdata/local/microsoft/visualstudio/17.0_11ce9441/extensions/uh4o55fb.mpi/WebView/Resources/autowork/chat.js (2)
[0404/211411.386:INFO:CONSOLE(2)] "Extension->Webview(agentConversationMessageUpdateEvent): [object Object]", source: file:///C:/users/song/appdata/local/microsoft/visualstudio/17.0_11ce9441/extensions/uh4o55fb.mpi/WebView/Resources/autowork/chat.js (2)
[0404/211412.251:INFO:CONSOLE(2)] "Extension->Webview(agentConversationMessageUpdateEvent): [object Object]", source: file:///C:/users/song/appdata/local/microsoft/visualstudio/17.0_11ce9441/extensions/uh4o55fb.mpi/WebView/Resources/autowork/chat.js (2)
[0404/211412.780:INFO:CONSOLE(2)] "Extension->Webview(agentConversationMessageUpdateEvent): [object Object]", source: file:///C:/users/song/appdata/local/microsoft/visualstudio/17.0_11ce9441/extensions/uh4o55fb.mpi/WebView/Resources/autowork/chat.js (2)
[0404/211413.370:INFO:CONSOLE(2)] "Extension->Webview(agentConversationMessageUpdateEvent): [object Object]", source: file:///C:/users/song/appdata/local/microsoft/visualstudio/17.0_11ce9441/extensions/uh4o55fb.mpi/WebView/Resources/autowork/chat.js (2)
[0404/211413.878:INFO:CONSOLE(2)] "Extension->Webview(agentConversationMessageUpdateEvent): [object Object]", source: file:///C:/users/song/appdata/local/microsoft/visualstudio/17.0_11ce9441/extensions/uh4o55fb.mpi/WebView/Resources/autowork/chat.js (2)
[0404/211414.398:INFO:CONSOLE(2)] "Extension->Webview(agentConversationMessageUpdateEvent): [object Object]", source: file:///C:/users/song/appdata/local/microsoft/visualstudio/17.0_11ce9441/extensions/uh4o55fb.mpi/WebView/Resources/autowork/chat.js (2)
[0404/211415.114:INFO:CONSOLE(2)] "Extension->Webview(agentConversationMessageUpdateEvent): [object Object]", source: file:///C:/users/song/appdata/local/microsoft/visualstudio/17.0_11ce9441/extensions/uh4o55fb.mpi/WebView/Resources/autowork/chat.js (2)
[0404/211415.663:INFO:CONSOLE(2)] "Extension->Webview(agentConversationMessageUpdateEvent): [object Object]", source: file:///C:/users/song/appdata/local/microsoft/visualstudio/17.0_11ce9441/extensions/uh4o55fb.mpi/WebView/Resources/autowork/chat.js (2)
[0404/211416.435:INFO:CONSOLE(2)] "Extension->Webview(agentConversationMessageUpdateEvent): [object Object]", source: file:///C:/users/song/appdata/local/microsoft/visualstudio/17.0_11ce9441/extensions/uh4o55fb.mpi/WebView/Resources/autowork/chat.js (2)
[0404/211416.956:INFO:CONSOLE(2)] "Extension->Webview(agentConversationMessageUpdateEvent): [object Object]", source: file:///C:/users/song/appdata/local/microsoft/visualstudio/17.0_11ce9441/extensions/uh4o55fb.mpi/WebView/Resources/autowork/chat.js (2)
[0404/211417.490:INFO:CONSOLE(2)] "Extension->Webview(agentConversationMessageUpdateEvent): [object Object]", source: file:///C:/users/song/appdata/local/microsoft/visualstudio/17.0_11ce9441/extensions/uh4o55fb.mpi/WebView/Resources/autowork/chat.js (2)
[0404/211418.255:INFO:CONSOLE(2)] "Extension->Webview(agentConversationMessageUpdateEvent): [object Object]", source: file:///C:/users/song/appdata/local/microsoft/visualstudio/17.0_11ce9441/extensions/uh4o55fb.mpi/WebView/Resources/autowork/chat.js (2)
[0404/211418.880:INFO:CONSOLE(2)] "Extension->Webview(agentConversationMessageUpdateEvent): [object Object]", source: file:///C:/users/song/appdata/local/microsoft/visualstudio/17.0_11ce9441/extensions/uh4o55fb.mpi/WebView/Resources/autowork/chat.js (2)
[0404/211419.378:INFO:CONSOLE(2)] "Extension->Webview(agentConversationMessageUpdateEvent): [object Object]", source: file:///C:/users/song/appdata/local/microsoft/visualstudio/17.0_11ce9441/extensions/uh4o55fb.mpi/WebView/Resources/autowork/chat.js (2)
[0404/211420.121:INFO:CONSOLE(2)] "Extension->Webview(agentConversationMessageUpdateEvent): [object Object]", source: file:///C:/users/song/appdata/local/microsoft/visualstudio/17.0_11ce9441/extensions/uh4o55fb.mpi/WebView/Resources/autowork/chat.js (2)
[0404/211420.652:INFO:CONSOLE(2)] "Extension->Webview(agentConversationMessageUpdateEvent): [object Object]", source: file:///C:/users/song/appdata/local/microsoft/visualstudio/17.0_11ce9441/extensions/uh4o55fb.mpi/WebView/Resources/autowork/chat.js (2)
[0404/211421.205:INFO:CONSOLE(2)] "Extension->Webview(agentConversationMessageUpdateEvent): [object Object]", source: file:///C:/users/song/appdata/local/microsoft/visualstudio/17.0_11ce9441/extensions/uh4o55fb.mpi/WebView/Resources/autowork/chat.js (2)
[0404/211421.759:INFO:CONSOLE(2)] "Extension->Webview(agentConversationMessageUpdateEvent): [object Object]", source: file:///C:/users/song/appdata/local/microsoft/visualstudio/17.0_11ce9441/extensions/uh4o55fb.mpi/WebView/Resources/autowork/chat.js (2)
[0404/211422.384:INFO:CONSOLE(2)] "Extension->Webview(agentConversationMessageUpdateEvent): [object Object]", source: file:///C:/users/song/appdata/local/microsoft/visualstudio/17.0_11ce9441/extensions/uh4o55fb.mpi/WebView/Resources/autowork/chat.js (2)
[0404/211423.082:INFO:CONSOLE(2)] "Extension->Webview(agentConversationMessageUpdateEvent): [object Object]", source: file:///C:/users/song/appdata/local/microsoft/visualstudio/17.0_11ce9441/extensions/uh4o55fb.mpi/WebView/Resources/autowork/chat.js (2)
[0404/211423.627:INFO:CONSOLE(2)] "Extension->Webview(agentConversationMessageUpdateEvent): [object Object]", source: file:///C:/users/song/appdata/local/microsoft/visualstudio/17.0_11ce9441/extensions/uh4o55fb.mpi/WebView/Resources/autowork/chat.js (2)
[0404/211424.151:INFO:CONSOLE(2)] "Extension->Webview(agentConversationMessageUpdateEvent): [object Object]", source: file:///C:/users/song/appdata/local/microsoft/visualstudio/17.0_11ce9441/extensions/uh4o55fb.mpi/WebView/Resources/autowork/chat.js (2)
[0404/211424.841:INFO:CONSOLE(2)] "Extension->Webview(agentConversationMessageUpdateEvent): [object Object]", source: file:///C:/users/song/appdata/local/microsoft/visualstudio/17.0_11ce9441/extensions/uh4o55fb.mpi/WebView/Resources/autowork/chat.js (2)
[0404/211425.380:INFO:CONSOLE(2)] "Extension->Webview(agentConversationMessageUpdateEvent): [object Object]", source: file:///C:/users/song/appdata/local/microsoft/visualstudio/17.0_11ce9441/extensions/uh4o55fb.mpi/WebView/Resources/autowork/chat.js (2)
[0404/211426.006:INFO:CONSOLE(2)] "Extension->Webview(agentConversationMessageUpdateEvent): [object Object]", source: file:///C:/users/song/appdata/local/microsoft/visualstudio/17.0_11ce9441/extensions/uh4o55fb.mpi/WebView/Resources/autowork/chat.js (2)
[0404/211426.758:INFO:CONSOLE(2)] "Extension->Webview(agentConversationMessageUpdateEvent): [object Object]", source: file:///C:/users/song/appdata/local/microsoft/visualstudio/17.0_11ce9441/extensions/uh4o55fb.mpi/WebView/Resources/autowork/chat.js (2)
[0404/211427.033:INFO:CONSOLE(2)] "Extension->Webview(agentConversationMessageUpdateEvent): [object Object]", source: file:///C:/users/song/appdata/local/microsoft/visualstudio/17.0_11ce9441/extensions/uh4o55fb.mpi/WebView/Resources/autowork/chat.js (2)
[0404/211427.037:INFO:CONSOLE(2)] "Extension->Webview(agentConversationMessageUpdateEvent): [object Object]", source: file:///C:/users/song/appdata/local/microsoft/visualstudio/17.0_11ce9441/extensions/uh4o55fb.mpi/WebView/Resources/autowork/chat.js (2)
[0404/211427.040:INFO:CONSOLE(2)] "Extension->Webview(agentConversationMessageUpdateEvent): [object Object]", source: file:///C:/users/song/appdata/local/microsoft/visualstudio/17.0_11ce9441/extensions/uh4o55fb.mpi/WebView/Resources/autowork/chat.js (2)
[0404/211427.043:INFO:CONSOLE(2)] "Extension->Webview(agentConversationMessageUpdateEvent): [object Object]", source: file:///C:/users/song/appdata/local/microsoft/visualstudio/17.0_11ce9441/extensions/uh4o55fb.mpi/WebView/Resources/autowork/chat.js (2)
[0404/211642.459:INFO:CONSOLE(2)] "Extension->Webview(editorChangedEvent): [object Object]", source: file:///C:/users/song/appdata/local/microsoft/visualstudio/17.0_11ce9441/extensions/uh4o55fb.mpi/WebView/Resources/autowork/chat.js (2)
[0404/211646.580:INFO:CONSOLE(2)] "Extension->Webview(editorChangedEvent): [object Object]", source: file:///C:/users/song/appdata/local/microsoft/visualstudio/17.0_11ce9441/extensions/uh4o55fb.mpi/WebView/Resources/autowork/chat.js (2)
[0404/211940.785:INFO:CONSOLE(2)] "Extension->Webview(editorChangedEvent): [object Object]", source: file:///C:/users/song/appdata/local/microsoft/visualstudio/17.0_11ce9441/extensions/uh4o55fb.mpi/WebView/Resources/autowork/chat.js (2)
[0404/212016.635:INFO:CONSOLE(2)] "Extension->Webview(editorChangedEvent): [object Object]", source: file:///C:/users/song/appdata/local/microsoft/visualstudio/17.0_11ce9441/extensions/uh4o55fb.mpi/WebView/Resources/autowork/chat.js (2)
